<?xml version="1.0" encoding="UTF-8"?>
<testsuite xmlns:xsi="http://www.w3.org/2001/XMLSchema-instance" xsi:noNamespaceSchemaLocation="https://maven.apache.org/surefire/maven-surefire-plugin/xsd/surefire-test-report-3.0.xsd" version="3.0" name="org.springframework.samples.petclinic.vets.web.VetResourceTest" time="1.662" tests="1" errors="0" skipped="0" failures="0">
  <properties>
    <property name="git.tags" value=""/>
    <property name="java.specification.version" value="17"/>
    <property name="sun.jnu.encoding" value="UTF-8"/>
    <property name="git.build.version" value="3.2.7"/>
    <property name="java.class.path" value="/Users/macbook/bt_local/test_projects/spring-petclinic-microservices/spring-petclinic-vets-service/target/test-classes:/Users/macbook/bt_local/test_projects/spring-petclinic-microservices/spring-petclinic-vets-service/target/classes:/Users/macbook/.m2/repository/org/springframework/boot/spring-boot-starter-web/3.2.7/spring-boot-starter-web-3.2.7.jar:/Users/macbook/.m2/repository/org/springframework/boot/spring-boot-starter/3.2.7/spring-boot-starter-3.2.7.jar:/Users/macbook/.m2/repository/org/springframework/boot/spring-boot/3.2.7/spring-boot-3.2.7.jar:/Users/macbook/.m2/repository/org/springframework/boot/spring-boot-autoconfigure/3.2.7/spring-boot-autoconfigure-3.2.7.jar:/Users/macbook/.m2/repository/org/springframework/boot/spring-boot-starter-logging/3.2.7/spring-boot-starter-logging-3.2.7.jar:/Users/macbook/.m2/repository/ch/qos/logback/logback-classic/1.4.14/logback-classic-1.4.14.jar:/Users/macbook/.m2/repository/ch/qos/logback/logback-core/1.4.14/logback-core-1.4.14.jar:/Users/macbook/.m2/repository/org/apache/logging/log4j/log4j-to-slf4j/2.21.1/log4j-to-slf4j-2.21.1.jar:/Users/macbook/.m2/repository/org/apache/logging/log4j/log4j-api/2.21.1/log4j-api-2.21.1.jar:/Users/macbook/.m2/repository/org/slf4j/jul-to-slf4j/2.0.13/jul-to-slf4j-2.0.13.jar:/Users/macbook/.m2/repository/jakarta/annotation/jakarta.annotation-api/2.1.1/jakarta.annotation-api-2.1.1.jar:/Users/macbook/.m2/repository/org/yaml/snakeyaml/2.2/snakeyaml-2.2.jar:/Users/macbook/.m2/repository/org/springframework/boot/spring-boot-starter-json/3.2.7/spring-boot-starter-json-3.2.7.jar:/Users/macbook/.m2/repository/com/fasterxml/jackson/datatype/jackson-datatype-jdk8/2.15.4/jackson-datatype-jdk8-2.15.4.jar:/Users/macbook/.m2/repository/com/fasterxml/jackson/datatype/jackson-datatype-jsr310/2.15.4/jackson-datatype-jsr310-2.15.4.jar:/Users/macbook/.m2/repository/com/fasterxml/jackson/module/jackson-module-parameter-names/2.15.4/jackson-module-parameter-names-2.15.4.jar:/Users/macbook/.m2/repository/org/springframework/boot/spring-boot-starter-tomcat/3.2.7/spring-boot-starter-tomcat-3.2.7.jar:/Users/macbook/.m2/repository/org/apache/tomcat/embed/tomcat-embed-core/10.1.25/tomcat-embed-core-10.1.25.jar:/Users/macbook/.m2/repository/org/apache/tomcat/embed/tomcat-embed-el/10.1.25/tomcat-embed-el-10.1.25.jar:/Users/macbook/.m2/repository/org/apache/tomcat/embed/tomcat-embed-websocket/10.1.25/tomcat-embed-websocket-10.1.25.jar:/Users/macbook/.m2/repository/org/springframework/spring-web/6.1.10/spring-web-6.1.10.jar:/Users/macbook/.m2/repository/org/springframework/spring-beans/6.1.10/spring-beans-6.1.10.jar:/Users/macbook/.m2/repository/org/springframework/spring-webmvc/6.1.10/spring-webmvc-6.1.10.jar:/Users/macbook/.m2/repository/org/springframework/spring-aop/6.1.10/spring-aop-6.1.10.jar:/Users/macbook/.m2/repository/org/springframework/spring-context/6.1.10/spring-context-6.1.10.jar:/Users/macbook/.m2/repository/org/springframework/spring-expression/6.1.10/spring-expression-6.1.10.jar:/Users/macbook/.m2/repository/org/springframework/boot/spring-boot-configuration-processor/3.2.7/spring-boot-configuration-processor-3.2.7.jar:/Users/macbook/.m2/repository/org/springframework/boot/spring-boot-starter-actuator/3.2.7/spring-boot-starter-actuator-3.2.7.jar:/Users/macbook/.m2/repository/org/springframework/boot/spring-boot-actuator-autoconfigure/3.2.7/spring-boot-actuator-autoconfigure-3.2.7.jar:/Users/macbook/.m2/repository/org/springframework/boot/spring-boot-actuator/3.2.7/spring-boot-actuator-3.2.7.jar:/Users/macbook/.m2/repository/io/micrometer/micrometer-jakarta9/1.12.7/micrometer-jakarta9-1.12.7.jar:/Users/macbook/.m2/repository/org/springframework/boot/spring-boot-starter-cache/3.2.7/spring-boot-starter-cache-3.2.7.jar:/Users/macbook/.m2/repository/org/springframework/spring-context-support/6.1.10/spring-context-support-6.1.10.jar:/Users/macbook/.m2/repository/org/springframework/boot/spring-boot-starter-data-jpa/3.2.7/spring-boot-starter-data-jpa-3.2.7.jar:/Users/macbook/.m2/repository/org/springframework/boot/spring-boot-starter-aop/3.2.7/spring-boot-starter-aop-3.2.7.jar:/Users/macbook/.m2/repository/org/springframework/boot/spring-boot-starter-jdbc/3.2.7/spring-boot-starter-jdbc-3.2.7.jar:/Users/macbook/.m2/repository/com/zaxxer/HikariCP/5.0.1/HikariCP-5.0.1.jar:/Users/macbook/.m2/repository/org/springframework/spring-jdbc/6.1.10/spring-jdbc-6.1.10.jar:/Users/macbook/.m2/repository/org/hibernate/orm/hibernate-core/6.4.9.Final/hibernate-core-6.4.9.Final.jar:/Users/macbook/.m2/repository/jakarta/persistence/jakarta.persistence-api/3.1.0/jakarta.persistence-api-3.1.0.jar:/Users/macbook/.m2/repository/jakarta/transaction/jakarta.transaction-api/2.0.1/jakarta.transaction-api-2.0.1.jar:/Users/macbook/.m2/repository/org/jboss/logging/jboss-logging/3.5.3.Final/jboss-logging-3.5.3.Final.jar:/Users/macbook/.m2/repository/org/hibernate/common/hibernate-commons-annotations/6.0.6.Final/hibernate-commons-annotations-6.0.6.Final.jar:/Users/macbook/.m2/repository/io/smallrye/jandex/3.1.2/jandex-3.1.2.jar:/Users/macbook/.m2/repository/com/fasterxml/classmate/1.6.0/classmate-1.6.0.jar:/Users/macbook/.m2/repository/net/bytebuddy/byte-buddy/1.14.17/byte-buddy-1.14.17.jar:/Users/macbook/.m2/repository/org/glassfish/jaxb/jaxb-runtime/4.0.5/jaxb-runtime-4.0.5.jar:/Users/macbook/.m2/repository/org/glassfish/jaxb/jaxb-core/4.0.5/jaxb-core-4.0.5.jar:/Users/macbook/.m2/repository/org/eclipse/angus/angus-activation/2.0.2/angus-activation-2.0.2.jar:/Users/macbook/.m2/repository/org/glassfish/jaxb/txw2/4.0.5/txw2-4.0.5.jar:/Users/macbook/.m2/repository/com/sun/istack/istack-commons-runtime/4.1.2/istack-commons-runtime-4.1.2.jar:/Users/macbook/.m2/repository/jakarta/inject/jakarta.inject-api/2.0.1/jakarta.inject-api-2.0.1.jar:/Users/macbook/.m2/repository/org/antlr/antlr4-runtime/4.13.0/antlr4-runtime-4.13.0.jar:/Users/macbook/.m2/repository/org/springframework/data/spring-data-jpa/3.2.7/spring-data-jpa-3.2.7.jar:/Users/macbook/.m2/repository/org/springframework/data/spring-data-commons/3.2.7/spring-data-commons-3.2.7.jar:/Users/macbook/.m2/repository/org/springframework/spring-orm/6.1.10/spring-orm-6.1.10.jar:/Users/macbook/.m2/repository/org/springframework/spring-tx/6.1.10/spring-tx-6.1.10.jar:/Users/macbook/.m2/repository/org/springframework/spring-aspects/6.1.10/spring-aspects-6.1.10.jar:/Users/macbook/.m2/repository/org/springframework/boot/spring-boot-starter-test/3.2.7/spring-boot-starter-test-3.2.7.jar:/Users/macbook/.m2/repository/org/springframework/boot/spring-boot-test/3.2.7/spring-boot-test-3.2.7.jar:/Users/macbook/.m2/repository/org/springframework/boot/spring-boot-test-autoconfigure/3.2.7/spring-boot-test-autoconfigure-3.2.7.jar:/Users/macbook/.m2/repository/com/jayway/jsonpath/json-path/2.9.0/json-path-2.9.0.jar:/Users/macbook/.m2/repository/net/minidev/json-smart/2.5.1/json-smart-2.5.1.jar:/Users/macbook/.m2/repository/net/minidev/accessors-smart/2.5.1/accessors-smart-2.5.1.jar:/Users/macbook/.m2/repository/org/ow2/asm/asm/9.6/asm-9.6.jar:/Users/macbook/.m2/repository/org/assertj/assertj-core/3.24.2/assertj-core-3.24.2.jar:/Users/macbook/.m2/repository/org/awaitility/awaitility/4.2.1/awaitility-4.2.1.jar:/Users/macbook/.m2/repository/org/hamcrest/hamcrest/2.2/hamcrest-2.2.jar:/Users/macbook/.m2/repository/org/junit/jupiter/junit-jupiter/5.10.2/junit-jupiter-5.10.2.jar:/Users/macbook/.m2/repository/org/junit/jupiter/junit-jupiter-params/5.10.2/junit-jupiter-params-5.10.2.jar:/Users/macbook/.m2/repository/org/mockito/mockito-core/5.7.0/mockito-core-5.7.0.jar:/Users/macbook/.m2/repository/net/bytebuddy/byte-buddy-agent/1.14.17/byte-buddy-agent-1.14.17.jar:/Users/macbook/.m2/repository/org/objenesis/objenesis/3.3/objenesis-3.3.jar:/Users/macbook/.m2/repository/org/mockito/mockito-junit-jupiter/5.7.0/mockito-junit-jupiter-5.7.0.jar:/Users/macbook/.m2/repository/org/skyscreamer/jsonassert/1.5.1/jsonassert-1.5.1.jar:/Users/macbook/.m2/repository/com/vaadin/external/google/android-json/0.0.20131108.vaadin1/android-json-0.0.20131108.vaadin1.jar:/Users/macbook/.m2/repository/org/springframework/spring-core/6.1.10/spring-core-6.1.10.jar:/Users/macbook/.m2/repository/org/springframework/spring-jcl/6.1.10/spring-jcl-6.1.10.jar:/Users/macbook/.m2/repository/org/springframework/spring-test/6.1.10/spring-test-6.1.10.jar:/Users/macbook/.m2/repository/org/xmlunit/xmlunit-core/2.9.1/xmlunit-core-2.9.1.jar:/Users/macbook/.m2/repository/org/springframework/cloud/spring-cloud-starter-config/4.1.3/spring-cloud-starter-config-4.1.3.jar:/Users/macbook/.m2/repository/org/springframework/cloud/spring-cloud-starter/4.1.4/spring-cloud-starter-4.1.4.jar:/Users/macbook/.m2/repository/org/springframework/cloud/spring-cloud-context/4.1.4/spring-cloud-context-4.1.4.jar:/Users/macbook/.m2/repository/org/springframework/security/spring-security-crypto/6.2.5/spring-security-crypto-6.2.5.jar:/Users/macbook/.m2/repository/org/springframework/cloud/spring-cloud-commons/4.1.4/spring-cloud-commons-4.1.4.jar:/Users/macbook/.m2/repository/org/springframework/security/spring-security-rsa/1.1.3/spring-security-rsa-1.1.3.jar:/Users/macbook/.m2/repository/org/bouncycastle/bcprov-jdk18on/1.78/bcprov-jdk18on-1.78.jar:/Users/macbook/.m2/repository/org/springframework/cloud/spring-cloud-config-client/4.1.3/spring-cloud-config-client-4.1.3.jar:/Users/macbook/.m2/repository/com/fasterxml/jackson/core/jackson-annotations/2.15.4/jackson-annotations-2.15.4.jar:/Users/macbook/.m2/repository/org/apache/httpcomponents/client5/httpclient5/5.2.3/httpclient5-5.2.3.jar:/Users/macbook/.m2/repository/org/apache/httpcomponents/core5/httpcore5/5.2.4/httpcore5-5.2.4.jar:/Users/macbook/.m2/repository/org/apache/httpcomponents/core5/httpcore5-h2/5.2.4/httpcore5-h2-5.2.4.jar:/Users/macbook/.m2/repository/com/fasterxml/jackson/core/jackson-databind/2.15.4/jackson-databind-2.15.4.jar:/Users/macbook/.m2/repository/com/fasterxml/jackson/core/jackson-core/2.15.4/jackson-core-2.15.4.jar:/Users/macbook/.m2/repository/org/springframework/cloud/spring-cloud-starter-netflix-eureka-client/4.1.3/spring-cloud-starter-netflix-eureka-client-4.1.3.jar:/Users/macbook/.m2/repository/org/springframework/cloud/spring-cloud-netflix-eureka-client/4.1.3/spring-cloud-netflix-eureka-client-4.1.3.jar:/Users/macbook/.m2/repository/com/netflix/eureka/eureka-client/2.0.3/eureka-client-2.0.3.jar:/Users/macbook/.m2/repository/com/thoughtworks/xstream/xstream/1.4.20/xstream-1.4.20.jar:/Users/macbook/.m2/repository/io/github/x-stream/mxparser/1.2.2/mxparser-1.2.2.jar:/Users/macbook/.m2/repository/xmlpull/xmlpull/1.1.3.1/xmlpull-1.1.3.1.jar:/Users/macbook/.m2/repository/jakarta/ws/rs/jakarta.ws.rs-api/3.1.0/jakarta.ws.rs-api-3.1.0.jar:/Users/macbook/.m2/repository/com/netflix/spectator/spectator-api/1.7.3/spectator-api-1.7.3.jar:/Users/macbook/.m2/repository/org/apache/httpcomponents/httpclient/4.5.3/httpclient-4.5.3.jar:/Users/macbook/.m2/repository/org/apache/httpcomponents/httpcore/4.4.16/httpcore-4.4.16.jar:/Users/macbook/.m2/repository/commons-codec/commons-codec/1.16.1/commons-codec-1.16.1.jar:/Users/macbook/.m2/repository/commons-configuration/commons-configuration/1.10/commons-configuration-1.10.jar:/Users/macbook/.m2/repository/commons-lang/commons-lang/2.6/commons-lang-2.6.jar:/Users/macbook/.m2/repository/com/netflix/netflix-commons/netflix-eventbus/0.3.0/netflix-eventbus-0.3.0.jar:/Users/macbook/.m2/repository/com/netflix/netflix-commons/netflix-infix/0.3.0/netflix-infix-0.3.0.jar:/Users/macbook/.m2/repository/commons-jxpath/commons-jxpath/1.3/commons-jxpath-1.3.jar:/Users/macbook/.m2/repository/joda-time/joda-time/2.3/joda-time-2.3.jar:/Users/macbook/.m2/repository/org/antlr/antlr-runtime/3.4/antlr-runtime-3.4.jar:/Users/macbook/.m2/repository/org/antlr/stringtemplate/3.2.1/stringtemplate-3.2.1.jar:/Users/macbook/.m2/repository/antlr/antlr/2.7.7/antlr-2.7.7.jar:/Users/macbook/.m2/repository/com/google/code/gson/gson/2.10.1/gson-2.10.1.jar:/Users/macbook/.m2/repository/com/netflix/servo/servo-core/0.5.3/servo-core-0.5.3.jar:/Users/macbook/.m2/repository/org/apache/commons/commons-math/2.2/commons-math-2.2.jar:/Users/macbook/.m2/repository/javax/annotation/javax.annotation-api/1.2/javax.annotation-api-1.2.jar:/Users/macbook/.m2/repository/org/codehaus/jettison/jettison/1.5.4/jettison-1.5.4.jar:/Users/macbook/.m2/repository/com/netflix/eureka/eureka-core/2.0.3/eureka-core-2.0.3.jar:/Users/macbook/.m2/repository/com/fasterxml/woodstox/woodstox-core/6.2.1/woodstox-core-6.2.1.jar:/Users/macbook/.m2/repository/org/codehaus/woodstox/stax2-api/4.2.1/stax2-api-4.2.1.jar:/Users/macbook/.m2/repository/com/google/guava/guava/33.0.0-jre/guava-33.0.0-jre.jar:/Users/macbook/.m2/repository/com/google/guava/failureaccess/1.0.2/failureaccess-1.0.2.jar:/Users/macbook/.m2/repository/com/google/guava/listenablefuture/9999.0-empty-to-avoid-conflict-with-guava/listenablefuture-9999.0-empty-to-avoid-conflict-with-guava.jar:/Users/macbook/.m2/repository/com/google/j2objc/j2objc-annotations/2.8/j2objc-annotations-2.8.jar:/Users/macbook/.m2/repository/org/springframework/cloud/spring-cloud-starter-loadbalancer/4.1.4/spring-cloud-starter-loadbalancer-4.1.4.jar:/Users/macbook/.m2/repository/org/springframework/cloud/spring-cloud-loadbalancer/4.1.4/spring-cloud-loadbalancer-4.1.4.jar:/Users/macbook/.m2/repository/io/projectreactor/reactor-core/3.6.7/reactor-core-3.6.7.jar:/Users/macbook/.m2/repository/org/reactivestreams/reactive-streams/1.0.4/reactive-streams-1.0.4.jar:/Users/macbook/.m2/repository/io/projectreactor/addons/reactor-extra/3.5.1/reactor-extra-3.5.1.jar:/Users/macbook/.m2/repository/com/stoyanr/evictor/1.0.0/evictor-1.0.0.jar:/Users/macbook/.m2/repository/org/projectlombok/lombok/1.18.30/lombok-1.18.30.jar:/Users/macbook/.m2/repository/javax/cache/cache-api/1.1.1/cache-api-1.1.1.jar:/Users/macbook/.m2/repository/jakarta/xml/bind/jakarta.xml.bind-api/4.0.2/jakarta.xml.bind-api-4.0.2.jar:/Users/macbook/.m2/repository/jakarta/activation/jakarta.activation-api/2.1.3/jakarta.activation-api-2.1.3.jar:/Users/macbook/.m2/repository/com/github/ben-manes/caffeine/caffeine/3.1.8/caffeine-3.1.8.jar:/Users/macbook/.m2/repository/org/checkerframework/checker-qual/3.37.0/checker-qual-3.37.0.jar:/Users/macbook/.m2/repository/com/google/errorprone/error_prone_annotations/2.21.1/error_prone_annotations-2.21.1.jar:/Users/macbook/.m2/repository/org/jolokia/jolokia-core/1.7.1/jolokia-core-1.7.1.jar:/Users/macbook/.m2/repository/com/googlecode/json-simple/json-simple/1.1.1/json-simple-1.1.1.jar:/Users/macbook/.m2/repository/org/hsqldb/hsqldb/2.7.3/hsqldb-2.7.3.jar:/Users/macbook/.m2/repository/com/mysql/mysql-connector-j/8.3.0/mysql-connector-j-8.3.0.jar:/Users/macbook/.m2/repository/io/micrometer/micrometer-registry-prometheus/1.12.7/micrometer-registry-prometheus-1.12.7.jar:/Users/macbook/.m2/repository/io/micrometer/micrometer-core/1.12.7/micrometer-core-1.12.7.jar:/Users/macbook/.m2/repository/org/hdrhistogram/HdrHistogram/2.1.12/HdrHistogram-2.1.12.jar:/Users/macbook/.m2/repository/org/latencyutils/LatencyUtils/2.0.3/LatencyUtils-2.0.3.jar:/Users/macbook/.m2/repository/io/prometheus/simpleclient_common/0.16.0/simpleclient_common-0.16.0.jar:/Users/macbook/.m2/repository/io/prometheus/simpleclient/0.16.0/simpleclient-0.16.0.jar:/Users/macbook/.m2/repository/io/prometheus/simpleclient_tracer_otel/0.16.0/simpleclient_tracer_otel-0.16.0.jar:/Users/macbook/.m2/repository/io/prometheus/simpleclient_tracer_common/0.16.0/simpleclient_tracer_common-0.16.0.jar:/Users/macbook/.m2/repository/io/prometheus/simpleclient_tracer_otel_agent/0.16.0/simpleclient_tracer_otel_agent-0.16.0.jar:/Users/macbook/.m2/repository/de/codecentric/chaos-monkey-spring-boot/3.1.0/chaos-monkey-spring-boot-3.1.0.jar:/Users/macbook/.m2/repository/org/springframework/spring-instrument/6.1.10/spring-instrument-6.1.10.jar:/Users/macbook/.m2/repository/org/aspectj/aspectjweaver/1.9.22/aspectjweaver-1.9.22.jar:/Users/macbook/.m2/repository/org/springframework/boot/spring-boot-starter-validation/3.2.7/spring-boot-starter-validation-3.2.7.jar:/Users/macbook/.m2/repository/org/hibernate/validator/hibernate-validator/8.0.1.Final/hibernate-validator-8.0.1.Final.jar:/Users/macbook/.m2/repository/jakarta/validation/jakarta.validation-api/3.0.2/jakarta.validation-api-3.0.2.jar:/Users/macbook/.m2/repository/org/slf4j/jcl-over-slf4j/2.0.13/jcl-over-slf4j-2.0.13.jar:/Users/macbook/.m2/repository/io/opentelemetry/opentelemetry-exporter-zipkin/1.31.0/opentelemetry-exporter-zipkin-1.31.0.jar:/Users/macbook/.m2/repository/io/opentelemetry/opentelemetry-sdk/1.31.0/opentelemetry-sdk-1.31.0.jar:/Users/macbook/.m2/repository/io/opentelemetry/opentelemetry-api/1.31.0/opentelemetry-api-1.31.0.jar:/Users/macbook/.m2/repository/io/opentelemetry/opentelemetry-context/1.31.0/opentelemetry-context-1.31.0.jar:/Users/macbook/.m2/repository/io/opentelemetry/opentelemetry-sdk-common/1.31.0/opentelemetry-sdk-common-1.31.0.jar:/Users/macbook/.m2/repository/io/opentelemetry/opentelemetry-sdk-trace/1.31.0/opentelemetry-sdk-trace-1.31.0.jar:/Users/macbook/.m2/repository/io/opentelemetry/opentelemetry-sdk-metrics/1.31.0/opentelemetry-sdk-metrics-1.31.0.jar:/Users/macbook/.m2/repository/io/opentelemetry/opentelemetry-extension-incubator/1.31.0-alpha/opentelemetry-extension-incubator-1.31.0-alpha.jar:/Users/macbook/.m2/repository/io/opentelemetry/opentelemetry-sdk-logs/1.31.0/opentelemetry-sdk-logs-1.31.0.jar:/Users/macbook/.m2/repository/io/opentelemetry/opentelemetry-api-events/1.31.0-alpha/opentelemetry-api-events-1.31.0-alpha.jar:/Users/macbook/.m2/repository/io/zipkin/reporter2/zipkin-reporter/2.16.3/zipkin-reporter-2.16.3.jar:/Users/macbook/.m2/repository/io/zipkin/zipkin2/zipkin/2.23.2/zipkin-2.23.2.jar:/Users/macbook/.m2/repository/io/opentelemetry/opentelemetry-exporter-common/1.31.0/opentelemetry-exporter-common-1.31.0.jar:/Users/macbook/.m2/repository/io/opentelemetry/opentelemetry-sdk-extension-autoconfigure-spi/1.31.0/opentelemetry-sdk-extension-autoconfigure-spi-1.31.0.jar:/Users/macbook/.m2/repository/io/zipkin/reporter2/zipkin-sender-okhttp3/2.16.3/zipkin-sender-okhttp3-2.16.3.jar:/Users/macbook/.m2/repository/com/squareup/okhttp3/okhttp/4.12.0/okhttp-4.12.0.jar:/Users/macbook/.m2/repository/com/squareup/okio/okio/3.6.0/okio-3.6.0.jar:/Users/macbook/.m2/repository/com/squareup/okio/okio-jvm/3.6.0/okio-jvm-3.6.0.jar:/Users/macbook/.m2/repository/org/jetbrains/kotlin/kotlin-stdlib-common/1.9.24/kotlin-stdlib-common-1.9.24.jar:/Users/macbook/.m2/repository/org/jetbrains/kotlin/kotlin-stdlib-jdk8/1.9.24/kotlin-stdlib-jdk8-1.9.24.jar:/Users/macbook/.m2/repository/org/jetbrains/kotlin/kotlin-stdlib/1.9.24/kotlin-stdlib-1.9.24.jar:/Users/macbook/.m2/repository/org/jetbrains/annotations/13.0/annotations-13.0.jar:/Users/macbook/.m2/repository/org/jetbrains/kotlin/kotlin-stdlib-jdk7/1.9.24/kotlin-stdlib-jdk7-1.9.24.jar:/Users/macbook/.m2/repository/io/micrometer/micrometer-observation/1.12.7/micrometer-observation-1.12.7.jar:/Users/macbook/.m2/repository/io/micrometer/micrometer-commons/1.12.7/micrometer-commons-1.12.7.jar:/Users/macbook/.m2/repository/io/micrometer/micrometer-tracing-bridge-brave/1.2.7/micrometer-tracing-bridge-brave-1.2.7.jar:/Users/macbook/.m2/repository/io/micrometer/micrometer-tracing/1.2.7/micrometer-tracing-1.2.7.jar:/Users/macbook/.m2/repository/io/micrometer/context-propagation/1.1.1/context-propagation-1.1.1.jar:/Users/macbook/.m2/repository/aopalliance/aopalliance/1.0/aopalliance-1.0.jar:/Users/macbook/.m2/repository/org/slf4j/slf4j-api/2.0.13/slf4j-api-2.0.13.jar:/Users/macbook/.m2/repository/io/zipkin/brave/brave/5.16.0/brave-5.16.0.jar:/Users/macbook/.m2/repository/io/zipkin/brave/brave-context-slf4j/5.16.0/brave-context-slf4j-5.16.0.jar:/Users/macbook/.m2/repository/io/zipkin/brave/brave-instrumentation-http/5.16.0/brave-instrumentation-http-5.16.0.jar:/Users/macbook/.m2/repository/io/zipkin/aws/brave-propagation-aws/0.23.5/brave-propagation-aws-0.23.5.jar:/Users/macbook/.m2/repository/io/zipkin/reporter2/zipkin-reporter-brave/2.16.3/zipkin-reporter-brave-2.16.3.jar:/Users/macbook/.m2/repository/net/ttddyy/observation/datasource-micrometer-spring-boot/1.0.2/datasource-micrometer-spring-boot-1.0.2.jar:/Users/macbook/.m2/repository/net/ttddyy/observation/datasource-micrometer/1.0.2/datasource-micrometer-1.0.2.jar:/Users/macbook/.m2/repository/net/ttddyy/datasource-proxy/1.8.1/datasource-proxy-1.8.1.jar:/Users/macbook/.m2/repository/org/junit/jupiter/junit-jupiter-api/5.10.2/junit-jupiter-api-5.10.2.jar:/Users/macbook/.m2/repository/org/opentest4j/opentest4j/1.3.0/opentest4j-1.3.0.jar:/Users/macbook/.m2/repository/org/junit/platform/junit-platform-commons/1.10.2/junit-platform-commons-1.10.2.jar:/Users/macbook/.m2/repository/org/apiguardian/apiguardian-api/1.1.2/apiguardian-api-1.1.2.jar:/Users/macbook/.m2/repository/org/junit/jupiter/junit-jupiter-engine/5.10.2/junit-jupiter-engine-5.10.2.jar:/Users/macbook/.m2/repository/org/junit/platform/junit-platform-engine/1.10.2/junit-platform-engine-1.10.2.jar:"/>
    <property name="git.branch" value="main"/>
    <property name="git.build.host" value="Vsevolods-MacBook-Pro.local"/>
    <property name="java.vm.vendor" value="GraalVM Community"/>
    <property name="sun.arch.data.model" value="64"/>
    <property name="git.commit.id" value="0a9c32fd738f87a7b6b93c81b8061b33c4ee6886"/>
    <property name="java.vendor.url" value="https://www.graalvm.org/"/>
    <property name="user.timezone" value="Europe/Prague"/>
    <property name="org.jboss.logging.provider" value="slf4j"/>
    <property name="java.vm.specification.version" value="17"/>
    <property name="os.name" value="Mac OS X"/>
    <property name="git.commit.author.time" value="2024-10-25T13:22:42+0200"/>
    <property name="sun.java.launcher" value="SUN_STANDARD"/>
    <property name="user.country" value="CZ"/>
    <property name="git.build.user.name" value="macbook"/>
    <property name="sun.boot.library.path" value="/Users/macbook/.mx/jdks/labsjdk-ce-17-jvmci-23.1-b02/Contents/Home/lib"/>
    <property name="sun.java.command" value="/Users/macbook/bt_local/test_projects/spring-petclinic-microservices/spring-petclinic-vets-service/target/surefire/surefirebooter-20250120174004848_7.jar /Users/macbook/bt_local/test_projects/spring-petclinic-microservices/spring-petclinic-vets-service/target/surefire 2025-01-20T17-40-00_234-jvmRun1 surefire-20250120174004848_5tmp surefire_1-20250120174004848_6tmp"/>
    <property name="http.nonProxyHosts" value="local|*.local|169.254/16|*.169.254/16"/>
    <property name="jdk.debug" value="release"/>
    <property name="surefire.test.class.path" value="/Users/macbook/bt_local/test_projects/spring-petclinic-microservices/spring-petclinic-vets-service/target/test-classes:/Users/macbook/bt_local/test_projects/spring-petclinic-microservices/spring-petclinic-vets-service/target/classes:/Users/macbook/.m2/repository/org/springframework/boot/spring-boot-starter-web/3.2.7/spring-boot-starter-web-3.2.7.jar:/Users/macbook/.m2/repository/org/springframework/boot/spring-boot-starter/3.2.7/spring-boot-starter-3.2.7.jar:/Users/macbook/.m2/repository/org/springframework/boot/spring-boot/3.2.7/spring-boot-3.2.7.jar:/Users/macbook/.m2/repository/org/springframework/boot/spring-boot-autoconfigure/3.2.7/spring-boot-autoconfigure-3.2.7.jar:/Users/macbook/.m2/repository/org/springframework/boot/spring-boot-starter-logging/3.2.7/spring-boot-starter-logging-3.2.7.jar:/Users/macbook/.m2/repository/ch/qos/logback/logback-classic/1.4.14/logback-classic-1.4.14.jar:/Users/macbook/.m2/repository/ch/qos/logback/logback-core/1.4.14/logback-core-1.4.14.jar:/Users/macbook/.m2/repository/org/apache/logging/log4j/log4j-to-slf4j/2.21.1/log4j-to-slf4j-2.21.1.jar:/Users/macbook/.m2/repository/org/apache/logging/log4j/log4j-api/2.21.1/log4j-api-2.21.1.jar:/Users/macbook/.m2/repository/org/slf4j/jul-to-slf4j/2.0.13/jul-to-slf4j-2.0.13.jar:/Users/macbook/.m2/repository/jakarta/annotation/jakarta.annotation-api/2.1.1/jakarta.annotation-api-2.1.1.jar:/Users/macbook/.m2/repository/org/yaml/snakeyaml/2.2/snakeyaml-2.2.jar:/Users/macbook/.m2/repository/org/springframework/boot/spring-boot-starter-json/3.2.7/spring-boot-starter-json-3.2.7.jar:/Users/macbook/.m2/repository/com/fasterxml/jackson/datatype/jackson-datatype-jdk8/2.15.4/jackson-datatype-jdk8-2.15.4.jar:/Users/macbook/.m2/repository/com/fasterxml/jackson/datatype/jackson-datatype-jsr310/2.15.4/jackson-datatype-jsr310-2.15.4.jar:/Users/macbook/.m2/repository/com/fasterxml/jackson/module/jackson-module-parameter-names/2.15.4/jackson-module-parameter-names-2.15.4.jar:/Users/macbook/.m2/repository/org/springframework/boot/spring-boot-starter-tomcat/3.2.7/spring-boot-starter-tomcat-3.2.7.jar:/Users/macbook/.m2/repository/org/apache/tomcat/embed/tomcat-embed-core/10.1.25/tomcat-embed-core-10.1.25.jar:/Users/macbook/.m2/repository/org/apache/tomcat/embed/tomcat-embed-el/10.1.25/tomcat-embed-el-10.1.25.jar:/Users/macbook/.m2/repository/org/apache/tomcat/embed/tomcat-embed-websocket/10.1.25/tomcat-embed-websocket-10.1.25.jar:/Users/macbook/.m2/repository/org/springframework/spring-web/6.1.10/spring-web-6.1.10.jar:/Users/macbook/.m2/repository/org/springframework/spring-beans/6.1.10/spring-beans-6.1.10.jar:/Users/macbook/.m2/repository/org/springframework/spring-webmvc/6.1.10/spring-webmvc-6.1.10.jar:/Users/macbook/.m2/repository/org/springframework/spring-aop/6.1.10/spring-aop-6.1.10.jar:/Users/macbook/.m2/repository/org/springframework/spring-context/6.1.10/spring-context-6.1.10.jar:/Users/macbook/.m2/repository/org/springframework/spring-expression/6.1.10/spring-expression-6.1.10.jar:/Users/macbook/.m2/repository/org/springframework/boot/spring-boot-configuration-processor/3.2.7/spring-boot-configuration-processor-3.2.7.jar:/Users/macbook/.m2/repository/org/springframework/boot/spring-boot-starter-actuator/3.2.7/spring-boot-starter-actuator-3.2.7.jar:/Users/macbook/.m2/repository/org/springframework/boot/spring-boot-actuator-autoconfigure/3.2.7/spring-boot-actuator-autoconfigure-3.2.7.jar:/Users/macbook/.m2/repository/org/springframework/boot/spring-boot-actuator/3.2.7/spring-boot-actuator-3.2.7.jar:/Users/macbook/.m2/repository/io/micrometer/micrometer-jakarta9/1.12.7/micrometer-jakarta9-1.12.7.jar:/Users/macbook/.m2/repository/org/springframework/boot/spring-boot-starter-cache/3.2.7/spring-boot-starter-cache-3.2.7.jar:/Users/macbook/.m2/repository/org/springframework/spring-context-support/6.1.10/spring-context-support-6.1.10.jar:/Users/macbook/.m2/repository/org/springframework/boot/spring-boot-starter-data-jpa/3.2.7/spring-boot-starter-data-jpa-3.2.7.jar:/Users/macbook/.m2/repository/org/springframework/boot/spring-boot-starter-aop/3.2.7/spring-boot-starter-aop-3.2.7.jar:/Users/macbook/.m2/repository/org/springframework/boot/spring-boot-starter-jdbc/3.2.7/spring-boot-starter-jdbc-3.2.7.jar:/Users/macbook/.m2/repository/com/zaxxer/HikariCP/5.0.1/HikariCP-5.0.1.jar:/Users/macbook/.m2/repository/org/springframework/spring-jdbc/6.1.10/spring-jdbc-6.1.10.jar:/Users/macbook/.m2/repository/org/hibernate/orm/hibernate-core/6.4.9.Final/hibernate-core-6.4.9.Final.jar:/Users/macbook/.m2/repository/jakarta/persistence/jakarta.persistence-api/3.1.0/jakarta.persistence-api-3.1.0.jar:/Users/macbook/.m2/repository/jakarta/transaction/jakarta.transaction-api/2.0.1/jakarta.transaction-api-2.0.1.jar:/Users/macbook/.m2/repository/org/jboss/logging/jboss-logging/3.5.3.Final/jboss-logging-3.5.3.Final.jar:/Users/macbook/.m2/repository/org/hibernate/common/hibernate-commons-annotations/6.0.6.Final/hibernate-commons-annotations-6.0.6.Final.jar:/Users/macbook/.m2/repository/io/smallrye/jandex/3.1.2/jandex-3.1.2.jar:/Users/macbook/.m2/repository/com/fasterxml/classmate/1.6.0/classmate-1.6.0.jar:/Users/macbook/.m2/repository/net/bytebuddy/byte-buddy/1.14.17/byte-buddy-1.14.17.jar:/Users/macbook/.m2/repository/org/glassfish/jaxb/jaxb-runtime/4.0.5/jaxb-runtime-4.0.5.jar:/Users/macbook/.m2/repository/org/glassfish/jaxb/jaxb-core/4.0.5/jaxb-core-4.0.5.jar:/Users/macbook/.m2/repository/org/eclipse/angus/angus-activation/2.0.2/angus-activation-2.0.2.jar:/Users/macbook/.m2/repository/org/glassfish/jaxb/txw2/4.0.5/txw2-4.0.5.jar:/Users/macbook/.m2/repository/com/sun/istack/istack-commons-runtime/4.1.2/istack-commons-runtime-4.1.2.jar:/Users/macbook/.m2/repository/jakarta/inject/jakarta.inject-api/2.0.1/jakarta.inject-api-2.0.1.jar:/Users/macbook/.m2/repository/org/antlr/antlr4-runtime/4.13.0/antlr4-runtime-4.13.0.jar:/Users/macbook/.m2/repository/org/springframework/data/spring-data-jpa/3.2.7/spring-data-jpa-3.2.7.jar:/Users/macbook/.m2/repository/org/springframework/data/spring-data-commons/3.2.7/spring-data-commons-3.2.7.jar:/Users/macbook/.m2/repository/org/springframework/spring-orm/6.1.10/spring-orm-6.1.10.jar:/Users/macbook/.m2/repository/org/springframework/spring-tx/6.1.10/spring-tx-6.1.10.jar:/Users/macbook/.m2/repository/org/springframework/spring-aspects/6.1.10/spring-aspects-6.1.10.jar:/Users/macbook/.m2/repository/org/springframework/boot/spring-boot-starter-test/3.2.7/spring-boot-starter-test-3.2.7.jar:/Users/macbook/.m2/repository/org/springframework/boot/spring-boot-test/3.2.7/spring-boot-test-3.2.7.jar:/Users/macbook/.m2/repository/org/springframework/boot/spring-boot-test-autoconfigure/3.2.7/spring-boot-test-autoconfigure-3.2.7.jar:/Users/macbook/.m2/repository/com/jayway/jsonpath/json-path/2.9.0/json-path-2.9.0.jar:/Users/macbook/.m2/repository/net/minidev/json-smart/2.5.1/json-smart-2.5.1.jar:/Users/macbook/.m2/repository/net/minidev/accessors-smart/2.5.1/accessors-smart-2.5.1.jar:/Users/macbook/.m2/repository/org/ow2/asm/asm/9.6/asm-9.6.jar:/Users/macbook/.m2/repository/org/assertj/assertj-core/3.24.2/assertj-core-3.24.2.jar:/Users/macbook/.m2/repository/org/awaitility/awaitility/4.2.1/awaitility-4.2.1.jar:/Users/macbook/.m2/repository/org/hamcrest/hamcrest/2.2/hamcrest-2.2.jar:/Users/macbook/.m2/repository/org/junit/jupiter/junit-jupiter/5.10.2/junit-jupiter-5.10.2.jar:/Users/macbook/.m2/repository/org/junit/jupiter/junit-jupiter-params/5.10.2/junit-jupiter-params-5.10.2.jar:/Users/macbook/.m2/repository/org/mockito/mockito-core/5.7.0/mockito-core-5.7.0.jar:/Users/macbook/.m2/repository/net/bytebuddy/byte-buddy-agent/1.14.17/byte-buddy-agent-1.14.17.jar:/Users/macbook/.m2/repository/org/objenesis/objenesis/3.3/objenesis-3.3.jar:/Users/macbook/.m2/repository/org/mockito/mockito-junit-jupiter/5.7.0/mockito-junit-jupiter-5.7.0.jar:/Users/macbook/.m2/repository/org/skyscreamer/jsonassert/1.5.1/jsonassert-1.5.1.jar:/Users/macbook/.m2/repository/com/vaadin/external/google/android-json/0.0.20131108.vaadin1/android-json-0.0.20131108.vaadin1.jar:/Users/macbook/.m2/repository/org/springframework/spring-core/6.1.10/spring-core-6.1.10.jar:/Users/macbook/.m2/repository/org/springframework/spring-jcl/6.1.10/spring-jcl-6.1.10.jar:/Users/macbook/.m2/repository/org/springframework/spring-test/6.1.10/spring-test-6.1.10.jar:/Users/macbook/.m2/repository/org/xmlunit/xmlunit-core/2.9.1/xmlunit-core-2.9.1.jar:/Users/macbook/.m2/repository/org/springframework/cloud/spring-cloud-starter-config/4.1.3/spring-cloud-starter-config-4.1.3.jar:/Users/macbook/.m2/repository/org/springframework/cloud/spring-cloud-starter/4.1.4/spring-cloud-starter-4.1.4.jar:/Users/macbook/.m2/repository/org/springframework/cloud/spring-cloud-context/4.1.4/spring-cloud-context-4.1.4.jar:/Users/macbook/.m2/repository/org/springframework/security/spring-security-crypto/6.2.5/spring-security-crypto-6.2.5.jar:/Users/macbook/.m2/repository/org/springframework/cloud/spring-cloud-commons/4.1.4/spring-cloud-commons-4.1.4.jar:/Users/macbook/.m2/repository/org/springframework/security/spring-security-rsa/1.1.3/spring-security-rsa-1.1.3.jar:/Users/macbook/.m2/repository/org/bouncycastle/bcprov-jdk18on/1.78/bcprov-jdk18on-1.78.jar:/Users/macbook/.m2/repository/org/springframework/cloud/spring-cloud-config-client/4.1.3/spring-cloud-config-client-4.1.3.jar:/Users/macbook/.m2/repository/com/fasterxml/jackson/core/jackson-annotations/2.15.4/jackson-annotations-2.15.4.jar:/Users/macbook/.m2/repository/org/apache/httpcomponents/client5/httpclient5/5.2.3/httpclient5-5.2.3.jar:/Users/macbook/.m2/repository/org/apache/httpcomponents/core5/httpcore5/5.2.4/httpcore5-5.2.4.jar:/Users/macbook/.m2/repository/org/apache/httpcomponents/core5/httpcore5-h2/5.2.4/httpcore5-h2-5.2.4.jar:/Users/macbook/.m2/repository/com/fasterxml/jackson/core/jackson-databind/2.15.4/jackson-databind-2.15.4.jar:/Users/macbook/.m2/repository/com/fasterxml/jackson/core/jackson-core/2.15.4/jackson-core-2.15.4.jar:/Users/macbook/.m2/repository/org/springframework/cloud/spring-cloud-starter-netflix-eureka-client/4.1.3/spring-cloud-starter-netflix-eureka-client-4.1.3.jar:/Users/macbook/.m2/repository/org/springframework/cloud/spring-cloud-netflix-eureka-client/4.1.3/spring-cloud-netflix-eureka-client-4.1.3.jar:/Users/macbook/.m2/repository/com/netflix/eureka/eureka-client/2.0.3/eureka-client-2.0.3.jar:/Users/macbook/.m2/repository/com/thoughtworks/xstream/xstream/1.4.20/xstream-1.4.20.jar:/Users/macbook/.m2/repository/io/github/x-stream/mxparser/1.2.2/mxparser-1.2.2.jar:/Users/macbook/.m2/repository/xmlpull/xmlpull/1.1.3.1/xmlpull-1.1.3.1.jar:/Users/macbook/.m2/repository/jakarta/ws/rs/jakarta.ws.rs-api/3.1.0/jakarta.ws.rs-api-3.1.0.jar:/Users/macbook/.m2/repository/com/netflix/spectator/spectator-api/1.7.3/spectator-api-1.7.3.jar:/Users/macbook/.m2/repository/org/apache/httpcomponents/httpclient/4.5.3/httpclient-4.5.3.jar:/Users/macbook/.m2/repository/org/apache/httpcomponents/httpcore/4.4.16/httpcore-4.4.16.jar:/Users/macbook/.m2/repository/commons-codec/commons-codec/1.16.1/commons-codec-1.16.1.jar:/Users/macbook/.m2/repository/commons-configuration/commons-configuration/1.10/commons-configuration-1.10.jar:/Users/macbook/.m2/repository/commons-lang/commons-lang/2.6/commons-lang-2.6.jar:/Users/macbook/.m2/repository/com/netflix/netflix-commons/netflix-eventbus/0.3.0/netflix-eventbus-0.3.0.jar:/Users/macbook/.m2/repository/com/netflix/netflix-commons/netflix-infix/0.3.0/netflix-infix-0.3.0.jar:/Users/macbook/.m2/repository/commons-jxpath/commons-jxpath/1.3/commons-jxpath-1.3.jar:/Users/macbook/.m2/repository/joda-time/joda-time/2.3/joda-time-2.3.jar:/Users/macbook/.m2/repository/org/antlr/antlr-runtime/3.4/antlr-runtime-3.4.jar:/Users/macbook/.m2/repository/org/antlr/stringtemplate/3.2.1/stringtemplate-3.2.1.jar:/Users/macbook/.m2/repository/antlr/antlr/2.7.7/antlr-2.7.7.jar:/Users/macbook/.m2/repository/com/google/code/gson/gson/2.10.1/gson-2.10.1.jar:/Users/macbook/.m2/repository/com/netflix/servo/servo-core/0.5.3/servo-core-0.5.3.jar:/Users/macbook/.m2/repository/org/apache/commons/commons-math/2.2/commons-math-2.2.jar:/Users/macbook/.m2/repository/javax/annotation/javax.annotation-api/1.2/javax.annotation-api-1.2.jar:/Users/macbook/.m2/repository/org/codehaus/jettison/jettison/1.5.4/jettison-1.5.4.jar:/Users/macbook/.m2/repository/com/netflix/eureka/eureka-core/2.0.3/eureka-core-2.0.3.jar:/Users/macbook/.m2/repository/com/fasterxml/woodstox/woodstox-core/6.2.1/woodstox-core-6.2.1.jar:/Users/macbook/.m2/repository/org/codehaus/woodstox/stax2-api/4.2.1/stax2-api-4.2.1.jar:/Users/macbook/.m2/repository/com/google/guava/guava/33.0.0-jre/guava-33.0.0-jre.jar:/Users/macbook/.m2/repository/com/google/guava/failureaccess/1.0.2/failureaccess-1.0.2.jar:/Users/macbook/.m2/repository/com/google/guava/listenablefuture/9999.0-empty-to-avoid-conflict-with-guava/listenablefuture-9999.0-empty-to-avoid-conflict-with-guava.jar:/Users/macbook/.m2/repository/com/google/j2objc/j2objc-annotations/2.8/j2objc-annotations-2.8.jar:/Users/macbook/.m2/repository/org/springframework/cloud/spring-cloud-starter-loadbalancer/4.1.4/spring-cloud-starter-loadbalancer-4.1.4.jar:/Users/macbook/.m2/repository/org/springframework/cloud/spring-cloud-loadbalancer/4.1.4/spring-cloud-loadbalancer-4.1.4.jar:/Users/macbook/.m2/repository/io/projectreactor/reactor-core/3.6.7/reactor-core-3.6.7.jar:/Users/macbook/.m2/repository/org/reactivestreams/reactive-streams/1.0.4/reactive-streams-1.0.4.jar:/Users/macbook/.m2/repository/io/projectreactor/addons/reactor-extra/3.5.1/reactor-extra-3.5.1.jar:/Users/macbook/.m2/repository/com/stoyanr/evictor/1.0.0/evictor-1.0.0.jar:/Users/macbook/.m2/repository/org/projectlombok/lombok/1.18.30/lombok-1.18.30.jar:/Users/macbook/.m2/repository/javax/cache/cache-api/1.1.1/cache-api-1.1.1.jar:/Users/macbook/.m2/repository/jakarta/xml/bind/jakarta.xml.bind-api/4.0.2/jakarta.xml.bind-api-4.0.2.jar:/Users/macbook/.m2/repository/jakarta/activation/jakarta.activation-api/2.1.3/jakarta.activation-api-2.1.3.jar:/Users/macbook/.m2/repository/com/github/ben-manes/caffeine/caffeine/3.1.8/caffeine-3.1.8.jar:/Users/macbook/.m2/repository/org/checkerframework/checker-qual/3.37.0/checker-qual-3.37.0.jar:/Users/macbook/.m2/repository/com/google/errorprone/error_prone_annotations/2.21.1/error_prone_annotations-2.21.1.jar:/Users/macbook/.m2/repository/org/jolokia/jolokia-core/1.7.1/jolokia-core-1.7.1.jar:/Users/macbook/.m2/repository/com/googlecode/json-simple/json-simple/1.1.1/json-simple-1.1.1.jar:/Users/macbook/.m2/repository/org/hsqldb/hsqldb/2.7.3/hsqldb-2.7.3.jar:/Users/macbook/.m2/repository/com/mysql/mysql-connector-j/8.3.0/mysql-connector-j-8.3.0.jar:/Users/macbook/.m2/repository/io/micrometer/micrometer-registry-prometheus/1.12.7/micrometer-registry-prometheus-1.12.7.jar:/Users/macbook/.m2/repository/io/micrometer/micrometer-core/1.12.7/micrometer-core-1.12.7.jar:/Users/macbook/.m2/repository/org/hdrhistogram/HdrHistogram/2.1.12/HdrHistogram-2.1.12.jar:/Users/macbook/.m2/repository/org/latencyutils/LatencyUtils/2.0.3/LatencyUtils-2.0.3.jar:/Users/macbook/.m2/repository/io/prometheus/simpleclient_common/0.16.0/simpleclient_common-0.16.0.jar:/Users/macbook/.m2/repository/io/prometheus/simpleclient/0.16.0/simpleclient-0.16.0.jar:/Users/macbook/.m2/repository/io/prometheus/simpleclient_tracer_otel/0.16.0/simpleclient_tracer_otel-0.16.0.jar:/Users/macbook/.m2/repository/io/prometheus/simpleclient_tracer_common/0.16.0/simpleclient_tracer_common-0.16.0.jar:/Users/macbook/.m2/repository/io/prometheus/simpleclient_tracer_otel_agent/0.16.0/simpleclient_tracer_otel_agent-0.16.0.jar:/Users/macbook/.m2/repository/de/codecentric/chaos-monkey-spring-boot/3.1.0/chaos-monkey-spring-boot-3.1.0.jar:/Users/macbook/.m2/repository/org/springframework/spring-instrument/6.1.10/spring-instrument-6.1.10.jar:/Users/macbook/.m2/repository/org/aspectj/aspectjweaver/1.9.22/aspectjweaver-1.9.22.jar:/Users/macbook/.m2/repository/org/springframework/boot/spring-boot-starter-validation/3.2.7/spring-boot-starter-validation-3.2.7.jar:/Users/macbook/.m2/repository/org/hibernate/validator/hibernate-validator/8.0.1.Final/hibernate-validator-8.0.1.Final.jar:/Users/macbook/.m2/repository/jakarta/validation/jakarta.validation-api/3.0.2/jakarta.validation-api-3.0.2.jar:/Users/macbook/.m2/repository/org/slf4j/jcl-over-slf4j/2.0.13/jcl-over-slf4j-2.0.13.jar:/Users/macbook/.m2/repository/io/opentelemetry/opentelemetry-exporter-zipkin/1.31.0/opentelemetry-exporter-zipkin-1.31.0.jar:/Users/macbook/.m2/repository/io/opentelemetry/opentelemetry-sdk/1.31.0/opentelemetry-sdk-1.31.0.jar:/Users/macbook/.m2/repository/io/opentelemetry/opentelemetry-api/1.31.0/opentelemetry-api-1.31.0.jar:/Users/macbook/.m2/repository/io/opentelemetry/opentelemetry-context/1.31.0/opentelemetry-context-1.31.0.jar:/Users/macbook/.m2/repository/io/opentelemetry/opentelemetry-sdk-common/1.31.0/opentelemetry-sdk-common-1.31.0.jar:/Users/macbook/.m2/repository/io/opentelemetry/opentelemetry-sdk-trace/1.31.0/opentelemetry-sdk-trace-1.31.0.jar:/Users/macbook/.m2/repository/io/opentelemetry/opentelemetry-sdk-metrics/1.31.0/opentelemetry-sdk-metrics-1.31.0.jar:/Users/macbook/.m2/repository/io/opentelemetry/opentelemetry-extension-incubator/1.31.0-alpha/opentelemetry-extension-incubator-1.31.0-alpha.jar:/Users/macbook/.m2/repository/io/opentelemetry/opentelemetry-sdk-logs/1.31.0/opentelemetry-sdk-logs-1.31.0.jar:/Users/macbook/.m2/repository/io/opentelemetry/opentelemetry-api-events/1.31.0-alpha/opentelemetry-api-events-1.31.0-alpha.jar:/Users/macbook/.m2/repository/io/zipkin/reporter2/zipkin-reporter/2.16.3/zipkin-reporter-2.16.3.jar:/Users/macbook/.m2/repository/io/zipkin/zipkin2/zipkin/2.23.2/zipkin-2.23.2.jar:/Users/macbook/.m2/repository/io/opentelemetry/opentelemetry-exporter-common/1.31.0/opentelemetry-exporter-common-1.31.0.jar:/Users/macbook/.m2/repository/io/opentelemetry/opentelemetry-sdk-extension-autoconfigure-spi/1.31.0/opentelemetry-sdk-extension-autoconfigure-spi-1.31.0.jar:/Users/macbook/.m2/repository/io/zipkin/reporter2/zipkin-sender-okhttp3/2.16.3/zipkin-sender-okhttp3-2.16.3.jar:/Users/macbook/.m2/repository/com/squareup/okhttp3/okhttp/4.12.0/okhttp-4.12.0.jar:/Users/macbook/.m2/repository/com/squareup/okio/okio/3.6.0/okio-3.6.0.jar:/Users/macbook/.m2/repository/com/squareup/okio/okio-jvm/3.6.0/okio-jvm-3.6.0.jar:/Users/macbook/.m2/repository/org/jetbrains/kotlin/kotlin-stdlib-common/1.9.24/kotlin-stdlib-common-1.9.24.jar:/Users/macbook/.m2/repository/org/jetbrains/kotlin/kotlin-stdlib-jdk8/1.9.24/kotlin-stdlib-jdk8-1.9.24.jar:/Users/macbook/.m2/repository/org/jetbrains/kotlin/kotlin-stdlib/1.9.24/kotlin-stdlib-1.9.24.jar:/Users/macbook/.m2/repository/org/jetbrains/annotations/13.0/annotations-13.0.jar:/Users/macbook/.m2/repository/org/jetbrains/kotlin/kotlin-stdlib-jdk7/1.9.24/kotlin-stdlib-jdk7-1.9.24.jar:/Users/macbook/.m2/repository/io/micrometer/micrometer-observation/1.12.7/micrometer-observation-1.12.7.jar:/Users/macbook/.m2/repository/io/micrometer/micrometer-commons/1.12.7/micrometer-commons-1.12.7.jar:/Users/macbook/.m2/repository/io/micrometer/micrometer-tracing-bridge-brave/1.2.7/micrometer-tracing-bridge-brave-1.2.7.jar:/Users/macbook/.m2/repository/io/micrometer/micrometer-tracing/1.2.7/micrometer-tracing-1.2.7.jar:/Users/macbook/.m2/repository/io/micrometer/context-propagation/1.1.1/context-propagation-1.1.1.jar:/Users/macbook/.m2/repository/aopalliance/aopalliance/1.0/aopalliance-1.0.jar:/Users/macbook/.m2/repository/org/slf4j/slf4j-api/2.0.13/slf4j-api-2.0.13.jar:/Users/macbook/.m2/repository/io/zipkin/brave/brave/5.16.0/brave-5.16.0.jar:/Users/macbook/.m2/repository/io/zipkin/brave/brave-context-slf4j/5.16.0/brave-context-slf4j-5.16.0.jar:/Users/macbook/.m2/repository/io/zipkin/brave/brave-instrumentation-http/5.16.0/brave-instrumentation-http-5.16.0.jar:/Users/macbook/.m2/repository/io/zipkin/aws/brave-propagation-aws/0.23.5/brave-propagation-aws-0.23.5.jar:/Users/macbook/.m2/repository/io/zipkin/reporter2/zipkin-reporter-brave/2.16.3/zipkin-reporter-brave-2.16.3.jar:/Users/macbook/.m2/repository/net/ttddyy/observation/datasource-micrometer-spring-boot/1.0.2/datasource-micrometer-spring-boot-1.0.2.jar:/Users/macbook/.m2/repository/net/ttddyy/observation/datasource-micrometer/1.0.2/datasource-micrometer-1.0.2.jar:/Users/macbook/.m2/repository/net/ttddyy/datasource-proxy/1.8.1/datasource-proxy-1.8.1.jar:/Users/macbook/.m2/repository/org/junit/jupiter/junit-jupiter-api/5.10.2/junit-jupiter-api-5.10.2.jar:/Users/macbook/.m2/repository/org/opentest4j/opentest4j/1.3.0/opentest4j-1.3.0.jar:/Users/macbook/.m2/repository/org/junit/platform/junit-platform-commons/1.10.2/junit-platform-commons-1.10.2.jar:/Users/macbook/.m2/repository/org/apiguardian/apiguardian-api/1.1.2/apiguardian-api-1.1.2.jar:/Users/macbook/.m2/repository/org/junit/jupiter/junit-jupiter-engine/5.10.2/junit-jupiter-engine-5.10.2.jar:/Users/macbook/.m2/repository/org/junit/platform/junit-platform-engine/1.10.2/junit-platform-engine-1.10.2.jar:"/>
    <property name="sun.cpu.endian" value="little"/>
    <property name="user.home" value="/Users/macbook"/>
    <property name="user.language" value="en"/>
    <property name="git.closest.tag.commit.count" value=""/>
    <property name="java.specification.vendor" value="Oracle Corporation"/>
    <property name="java.version.date" value="2023-04-18"/>
    <property name="java.home" value="/Users/macbook/.mx/jdks/labsjdk-ce-17-jvmci-23.1-b02/Contents/Home"/>
    <property name="git.total.commit.count" value="3"/>
    <property name="file.separator" value="/"/>
    <property name="basedir" value="/Users/macbook/bt_local/test_projects/spring-petclinic-microservices/spring-petclinic-vets-service"/>
    <property name="java.vm.compressedOopsMode" value="Zero based"/>
    <property name="line.separator" value="&#10;"/>
    <property name="git.build.user.email" value="vsevolod.pokhvalenko@gmail.com"/>
    <property name="git.commit.committer.time" value="2024-10-25T13:22:42+0200"/>
    <property name="java.vm.specification.vendor" value="Oracle Corporation"/>
    <property name="java.specification.name" value="Java Platform API Specification"/>
    <property name="FILE_LOG_CHARSET" value="UTF-8"/>
    <property name="java.awt.headless" value="true"/>
    <property name="git.closest.tag.name" value=""/>
    <property name="git.local.branch.ahead" value="1"/>
    <property name="apple.awt.application.name" value="ForkedBooter"/>
    <property name="git.build.time" value="2025-01-20T17:40:04+0100"/>
    <property name="surefire.real.class.path" value="/Users/macbook/bt_local/test_projects/spring-petclinic-microservices/spring-petclinic-vets-service/target/surefire/surefirebooter-20250120174004848_7.jar"/>
    <property name="git.commit.message.full" value="websocket communication extension"/>
    <property name="sun.management.compiler" value="HotSpot 64-Bit Tiered Compilers"/>
    <property name="ftp.nonProxyHosts" value="local|*.local|169.254/16|*.169.254/16"/>
    <property name="java.runtime.version" value="17.0.7+4-jvmci-23.1-b02"/>
    <property name="LOG_CORRELATION_PATTERN" value="%correlationId"/>
    <property name="user.name" value="macbook"/>
    <property name="path.separator" value=":"/>
    <property name="os.version" value="15.1.1"/>
    <property name="java.runtime.name" value="OpenJDK Runtime Environment"/>
    <property name="file.encoding" value="UTF-8"/>
    <property name="git.commit.user.email" value="vsevolod.pokhvalenko@gmail.com"/>
    <property name="java.vm.name" value="OpenJDK 64-Bit Server VM"/>
    <property name="git.local.branch.behind" value="0"/>
    <property name="git.dirty" value="true"/>
    <property name="localRepository" value="/Users/macbook/.m2/repository"/>
    <property name="java.vendor.url.bug" value="https://github.com/oracle/graal/issues"/>
    <property name="java.io.tmpdir" value="/var/folders/3k/ksjl2jsn143fn68w_1hmjqkc0000gn/T/"/>
    <property name="java.version" value="17.0.7"/>
    <property name="user.dir" value="/Users/macbook/bt_local/test_projects/spring-petclinic-microservices/spring-petclinic-vets-service"/>
    <property name="os.arch" value="aarch64"/>
    <property name="git.commit.user.name" value="macbook"/>
    <property name="git.commit.id.abbrev" value="0a9c32f"/>
    <property name="java.vm.specification.name" value="Java Virtual Machine Specification"/>
    <property name="PID" value="87594"/>
    <property name="git.commit.id.describe-short" value="0a9c32f-dirty"/>
    <property name="CONSOLE_LOG_CHARSET" value="UTF-8"/>
    <property name="git.commit.id.describe" value="0a9c32f-dirty"/>
    <property name="native.encoding" value="UTF-8"/>
    <property name="java.library.path" value="/Users/macbook/Library/Java/Extensions:/Library/Java/Extensions:/Network/Library/Java/Extensions:/System/Library/Java/Extensions:/usr/lib/java:."/>
    <property name="git.commit.message.short" value="websocket communication extension"/>
    <property name="java.vm.info" value="mixed mode, sharing"/>
    <property name="java.vendor" value="GraalVM Community"/>
    <property name="java.vm.version" value="17.0.7+4-jvmci-23.1-b02"/>
    <property name="sun.io.unicode.encoding" value="UnicodeBig"/>
    <property name="socksNonProxyHosts" value="local|*.local|169.254/16|*.169.254/16"/>
    <property name="java.class.version" value="61.0"/>
    <property name="git.commit.time" value="2024-10-25T13:22:42+0200"/>
    <property name="LOGGED_APPLICATION_NAME" value="[vets-service] "/>
    <property name="git.remote.origin.url" value="https://github.com/xpokhv00/test_projects.git"/>
  </properties>
  <testcase name="shouldGetAListOfVets" classname="org.springframework.samples.petclinic.vets.web.VetResourceTest" time="0.069">
    <system-out><![CDATA[17:40:05.201 [main] INFO org.springframework.test.context.support.AnnotationConfigContextLoaderUtils -- Could not detect default configuration classes for test class [org.springframework.samples.petclinic.vets.web.VetResourceTest]: VetResourceTest does not declare any static, non-private, non-final, nested classes annotated with @Configuration.
17:40:05.261 [main] INFO org.springframework.boot.test.context.SpringBootTestContextBootstrapper -- Found @SpringBootConfiguration org.springframework.samples.petclinic.vets.VetsServiceApplication for test class org.springframework.samples.petclinic.vets.web.VetResourceTest
17:40:05,620 |-INFO in ch.qos.logback.core.joran.util.ConfigurationWatchListUtil@1305c126 - Adding [jar:file:/Users/macbook/.m2/repository/org/springframework/boot/spring-boot/3.2.7/spring-boot-3.2.7.jar!/org/springframework/boot/logging/logback/base.xml] to configuration watch list.
17:40:05,621 |-INFO in ch.qos.logback.core.joran.spi.ConfigurationWatchList@72f9f27c - URL [jar:file:/Users/macbook/.m2/repository/org/springframework/boot/spring-boot/3.2.7/spring-boot-3.2.7.jar!/org/springframework/boot/logging/logback/base.xml] is not of type file
17:40:05,622 |-INFO in ch.qos.logback.core.joran.util.ConfigurationWatchListUtil@1305c126 - Adding [jar:file:/Users/macbook/.m2/repository/org/springframework/boot/spring-boot/3.2.7/spring-boot-3.2.7.jar!/org/springframework/boot/logging/logback/defaults.xml] to configuration watch list.
17:40:05,622 |-INFO in ch.qos.logback.core.joran.spi.ConfigurationWatchList@72f9f27c - URL [jar:file:/Users/macbook/.m2/repository/org/springframework/boot/spring-boot/3.2.7/spring-boot-3.2.7.jar!/org/springframework/boot/logging/logback/defaults.xml] is not of type file
17:40:05,623 |-INFO in ch.qos.logback.core.joran.action.ConversionRuleAction - registering conversion word applicationName with class [org.springframework.boot.logging.logback.ApplicationNameConverter]
17:40:05,623 |-INFO in ch.qos.logback.core.joran.action.ConversionRuleAction - registering conversion word clr with class [org.springframework.boot.logging.logback.ColorConverter]
17:40:05,623 |-INFO in ch.qos.logback.core.joran.action.ConversionRuleAction - registering conversion word correlationId with class [org.springframework.boot.logging.logback.CorrelationIdConverter]
17:40:05,623 |-INFO in ch.qos.logback.core.joran.action.ConversionRuleAction - registering conversion word wex with class [org.springframework.boot.logging.logback.WhitespaceThrowableProxyConverter]
17:40:05,623 |-INFO in ch.qos.logback.core.joran.action.ConversionRuleAction - registering conversion word wEx with class [org.springframework.boot.logging.logback.ExtendedWhitespaceThrowableProxyConverter]
17:40:05,623 |-INFO in ch.qos.logback.core.joran.util.ConfigurationWatchListUtil@1305c126 - Adding [jar:file:/Users/macbook/.m2/repository/org/springframework/boot/spring-boot/3.2.7/spring-boot-3.2.7.jar!/org/springframework/boot/logging/logback/console-appender.xml] to configuration watch list.
17:40:05,623 |-INFO in ch.qos.logback.core.joran.spi.ConfigurationWatchList@72f9f27c - URL [jar:file:/Users/macbook/.m2/repository/org/springframework/boot/spring-boot/3.2.7/spring-boot-3.2.7.jar!/org/springframework/boot/logging/logback/console-appender.xml] is not of type file
17:40:05,625 |-INFO in ch.qos.logback.core.joran.util.ConfigurationWatchListUtil@1305c126 - Adding [jar:file:/Users/macbook/.m2/repository/org/springframework/boot/spring-boot/3.2.7/spring-boot-3.2.7.jar!/org/springframework/boot/logging/logback/file-appender.xml] to configuration watch list.
17:40:05,625 |-INFO in ch.qos.logback.core.joran.spi.ConfigurationWatchList@72f9f27c - URL [jar:file:/Users/macbook/.m2/repository/org/springframework/boot/spring-boot/3.2.7/spring-boot-3.2.7.jar!/org/springframework/boot/logging/logback/file-appender.xml] is not of type file
17:40:05,638 |-WARN in ch.qos.logback.core.model.processor.ImplicitModelHandler - Ignoring unknown property [jmxConfigurator] in [ch.qos.logback.classic.LoggerContext]
17:40:05,639 |-INFO in ch.qos.logback.classic.model.processor.LoggerModelHandler - Setting level of logger [org.apache.catalina.startup.DigesterFactory] to ERROR
17:40:05,639 |-INFO in ch.qos.logback.classic.jul.LevelChangePropagator@4c1bdcc2 - Propagating ERROR level on Logger[org.apache.catalina.startup.DigesterFactory] onto the JUL framework
17:40:05,639 |-INFO in ch.qos.logback.classic.model.processor.LoggerModelHandler - Setting level of logger [org.apache.catalina.util.LifecycleBase] to ERROR
17:40:05,639 |-INFO in ch.qos.logback.classic.jul.LevelChangePropagator@4c1bdcc2 - Propagating ERROR level on Logger[org.apache.catalina.util.LifecycleBase] onto the JUL framework
17:40:05,639 |-INFO in ch.qos.logback.classic.model.processor.LoggerModelHandler - Setting level of logger [org.apache.coyote.http11.Http11NioProtocol] to WARN
17:40:05,639 |-INFO in ch.qos.logback.classic.jul.LevelChangePropagator@4c1bdcc2 - Propagating WARN level on Logger[org.apache.coyote.http11.Http11NioProtocol] onto the JUL framework
17:40:05,639 |-INFO in ch.qos.logback.classic.model.processor.LoggerModelHandler - Setting level of logger [org.apache.sshd.common.util.SecurityUtils] to WARN
17:40:05,639 |-INFO in ch.qos.logback.classic.jul.LevelChangePropagator@4c1bdcc2 - Propagating WARN level on Logger[org.apache.sshd.common.util.SecurityUtils] onto the JUL framework
17:40:05,639 |-INFO in ch.qos.logback.classic.model.processor.LoggerModelHandler - Setting level of logger [org.apache.tomcat.util.net.NioSelectorPool] to WARN
17:40:05,639 |-INFO in ch.qos.logback.classic.jul.LevelChangePropagator@4c1bdcc2 - Propagating WARN level on Logger[org.apache.tomcat.util.net.NioSelectorPool] onto the JUL framework
17:40:05,639 |-INFO in ch.qos.logback.classic.model.processor.LoggerModelHandler - Setting level of logger [org.eclipse.jetty.util.component.AbstractLifeCycle] to ERROR
17:40:05,639 |-INFO in ch.qos.logback.classic.jul.LevelChangePropagator@4c1bdcc2 - Propagating ERROR level on Logger[org.eclipse.jetty.util.component.AbstractLifeCycle] onto the JUL framework
17:40:05,639 |-INFO in ch.qos.logback.classic.model.processor.LoggerModelHandler - Setting level of logger [org.hibernate.validator.internal.util.Version] to WARN
17:40:05,639 |-INFO in ch.qos.logback.classic.jul.LevelChangePropagator@4c1bdcc2 - Propagating WARN level on Logger[org.hibernate.validator.internal.util.Version] onto the JUL framework
17:40:05,639 |-INFO in ch.qos.logback.classic.model.processor.LoggerModelHandler - Setting level of logger [org.springframework.boot.actuate.endpoint.jmx] to WARN
17:40:05,639 |-INFO in ch.qos.logback.classic.jul.LevelChangePropagator@4c1bdcc2 - Propagating WARN level on Logger[org.springframework.boot.actuate.endpoint.jmx] onto the JUL framework
17:40:05,639 |-INFO in ch.qos.logback.core.model.processor.AppenderModelHandler - Processing appender named [CONSOLE]
17:40:05,639 |-INFO in ch.qos.logback.core.model.processor.AppenderModelHandler - About to instantiate appender of type [ch.qos.logback.core.ConsoleAppender]
17:40:05,640 |-INFO in ch.qos.logback.core.model.processor.ImplicitModelHandler - Assuming default type [ch.qos.logback.classic.encoder.PatternLayoutEncoder] for [encoder] property
17:40:05,647 |-INFO in ch.qos.logback.core.model.processor.AppenderModelHandler - Processing appender named [FILE]
17:40:05,647 |-INFO in ch.qos.logback.core.model.processor.AppenderModelHandler - About to instantiate appender of type [ch.qos.logback.core.rolling.RollingFileAppender]
17:40:05,648 |-INFO in ch.qos.logback.core.model.processor.ImplicitModelHandler - Assuming default type [ch.qos.logback.classic.encoder.PatternLayoutEncoder] for [encoder] property
17:40:05,650 |-INFO in c.q.l.core.rolling.SizeAndTimeBasedRollingPolicy@1982216126 - setting totalSizeCap to 0 Bytes
17:40:05,651 |-INFO in c.q.l.core.rolling.SizeAndTimeBasedRollingPolicy@1982216126 - Archive files will be limited to [10 MB] each.
17:40:05,651 |-INFO in c.q.l.core.rolling.SizeAndTimeBasedRollingPolicy@1982216126 - Will use gz compression
17:40:05,652 |-INFO in c.q.l.core.rolling.SizeAndTimeBasedRollingPolicy@1982216126 - Will use the pattern /var/folders/3k/ksjl2jsn143fn68w_1hmjqkc0000gn/T//spring.log.%d{yyyy-MM-dd}.%i for the active file
17:40:05,655 |-INFO in ch.qos.logback.core.rolling.SizeAndTimeBasedFNATP@4b97c4ad - The date pattern is 'yyyy-MM-dd' from file name pattern '/var/folders/3k/ksjl2jsn143fn68w_1hmjqkc0000gn/T//spring.log.%d{yyyy-MM-dd}.%i.gz'.
17:40:05,655 |-INFO in ch.qos.logback.core.rolling.SizeAndTimeBasedFNATP@4b97c4ad - Roll-over at midnight.
17:40:05,656 |-INFO in ch.qos.logback.core.rolling.SizeAndTimeBasedFNATP@4b97c4ad - Setting initial period to 2025-01-20T16:40:03.809Z
17:40:05,658 |-INFO in ch.qos.logback.core.rolling.RollingFileAppender[FILE] - Active log file name: /var/folders/3k/ksjl2jsn143fn68w_1hmjqkc0000gn/T//spring.log
17:40:05,658 |-INFO in ch.qos.logback.core.rolling.RollingFileAppender[FILE] - File property is set to [/var/folders/3k/ksjl2jsn143fn68w_1hmjqkc0000gn/T//spring.log]
17:40:05,659 |-INFO in ch.qos.logback.classic.model.processor.RootLoggerModelHandler - Setting level of ROOT logger to INFO
17:40:05,659 |-INFO in ch.qos.logback.classic.jul.LevelChangePropagator@4c1bdcc2 - Propagating INFO level on Logger[ROOT] onto the JUL framework
17:40:05,659 |-INFO in ch.qos.logback.core.model.processor.AppenderRefModelHandler - Attaching appender named [CONSOLE] to Logger[ROOT]
17:40:05,659 |-INFO in ch.qos.logback.core.model.processor.AppenderRefModelHandler - Attaching appender named [FILE] to Logger[ROOT]
17:40:05,659 |-INFO in ch.qos.logback.core.model.processor.DefaultProcessor@7640a5b1 - End of configuration.
17:40:05,659 |-INFO in org.springframework.boot.logging.logback.SpringBootJoranConfigurator@642f9a77 - Registering current configuration as safe fallback point


  .   ____          _            __ _ _
 /\\ / ___'_ __ _ _(_)_ __  __ _ \ \ \ \
( ( )\___ | '_ | '_| | '_ \/ _` | \ \ \ \
 \\/  ___)| |_)| | | | | || (_| |  ) ) ) )
  '  |____| .__|_| |_|_| |_\__, | / / / /
 =========|_|==============|___/=/_/_/_/
 :: Spring Boot ::                (v3.2.7)

2025-01-20T17:40:05.684+01:00  INFO 87594 --- [vets-service] [           main] [                                                 ] o.s.s.p.vets.web.VetResourceTest         : Starting VetResourceTest using Java 17.0.7 with PID 87594 (started by macbook in /Users/macbook/bt_local/test_projects/spring-petclinic-microservices/spring-petclinic-vets-service)
2025-01-20T17:40:05.685+01:00  INFO 87594 --- [vets-service] [           main] [                                                 ] o.s.s.p.vets.web.VetResourceTest         : The following 1 profile is active: "test"
2025-01-20T17:40:05.693+01:00  INFO 87594 --- [vets-service] [           main] [                                                 ] o.s.c.c.c.ConfigServerConfigDataLoader   : Fetching config from server at : http://localhost:8888/
2025-01-20T17:40:05.693+01:00  INFO 87594 --- [vets-service] [           main] [                                                 ] o.s.c.c.c.ConfigServerConfigDataLoader   : Exception on Url - http://localhost:8888/:org.springframework.web.client.ResourceAccessException: I/O error on GET request for "http://localhost:8888/vets-service/default": Connection refused. Will be trying the next url if available
2025-01-20T17:40:05.693+01:00  WARN 87594 --- [vets-service] [           main] [                                                 ] o.s.c.c.c.ConfigServerConfigDataLoader   : Could not locate PropertySource ([ConfigServerConfigDataResource@3ec2ecea uris = array<String>['http://localhost:8888/'], optional = true, profiles = 'default']): I/O error on GET request for "http://localhost:8888/vets-service/default": Connection refused
2025-01-20T17:40:05.693+01:00  INFO 87594 --- [vets-service] [           main] [                                                 ] o.s.c.c.c.ConfigServerConfigDataLoader   : Fetching config from server at : http://localhost:8888/
2025-01-20T17:40:05.693+01:00  INFO 87594 --- [vets-service] [           main] [                                                 ] o.s.c.c.c.ConfigServerConfigDataLoader   : Exception on Url - http://localhost:8888/:org.springframework.web.client.ResourceAccessException: I/O error on GET request for "http://localhost:8888/vets-service/test": Connection refused. Will be trying the next url if available
2025-01-20T17:40:05.693+01:00  WARN 87594 --- [vets-service] [           main] [                                                 ] o.s.c.c.c.ConfigServerConfigDataLoader   : Could not locate PropertySource ([ConfigServerConfigDataResource@4016ccc1 uris = array<String>['http://localhost:8888/'], optional = true, profiles = 'test']): I/O error on GET request for "http://localhost:8888/vets-service/test": Connection refused
2025-01-20T17:40:05.693+01:00  INFO 87594 --- [vets-service] [           main] [                                                 ] o.s.c.c.c.ConfigServerConfigDataLoader   : Fetching config from server at : http://localhost:8888/
2025-01-20T17:40:05.693+01:00  INFO 87594 --- [vets-service] [           main] [                                                 ] o.s.c.c.c.ConfigServerConfigDataLoader   : Exception on Url - http://localhost:8888/:org.springframework.web.client.ResourceAccessException: I/O error on GET request for "http://localhost:8888/vets-service/default": Connection refused. Will be trying the next url if available
2025-01-20T17:40:05.693+01:00  WARN 87594 --- [vets-service] [           main] [                                                 ] o.s.c.c.c.ConfigServerConfigDataLoader   : Could not locate PropertySource ([ConfigServerConfigDataResource@46cb98a3 uris = array<String>['http://localhost:8888/'], optional = true, profiles = 'default']): I/O error on GET request for "http://localhost:8888/vets-service/default": Connection refused
2025-01-20T17:40:06.693+01:00  INFO 87594 --- [vets-service] [           main] [                                                 ] o.s.b.t.m.w.SpringBootMockServletContext : Initializing Spring TestDispatcherServlet ''
2025-01-20T17:40:06.694+01:00  INFO 87594 --- [vets-service] [           main] [                                                 ] o.s.t.web.servlet.TestDispatcherServlet  : Initializing Servlet ''
2025-01-20T17:40:06.694+01:00  INFO 87594 --- [vets-service] [           main] [                                                 ] o.s.t.web.servlet.TestDispatcherServlet  : Completed initialization in 0 ms
2025-01-20T17:40:06.706+01:00  INFO 87594 --- [vets-service] [           main] [                                                 ] o.s.s.p.vets.web.VetResourceTest         : Started VetResourceTest in 1.416 seconds (process running for 1.826)
]]></system-out>
  </testcase>
</testsuite>